<testsuite tests='1' results='0' failures='0' disabled='1' errors='0' time='0.074' name='behavior.MultiplyingThings'>
  <testcase classname='behavior.MultiplyingThings' name='Adding two integers' time='0.003'>
    <skipped />
  </testcase>
</testsuite>