<testsuite tests='1' results='1' failures='0' disabled='0' errors='0' time='0.869' name='behavior.CountingThings'>
  <testcase classname='behavior.CountingThings' name='Adding two integers' time='0.089' />
</testsuite>